Flutter crash report.
Please report a bug at https://github.com/flutter/flutter/issues.

## command

flutter run --machine --target lib/main.dart -d 00008030-001039642EA0802E --track-widget-creation --dart-define=flutter.inspector.structuredErrors=true --start-paused --web-server-debug-protocol ws --web-server-debug-backend-protocol ws --web-allow-expose-url

## exception

StateError: Bad state: The client closed with pending request "streamListen".

```
#0      new Client.withoutJson.<anonymous closure> (package:json_rpc_2/src/client.dart:70:24)
#1      _rootRun (dart:async/zone.dart:1182:47)
#2      _CustomZone.run (dart:async/zone.dart:1093:19)
#3      _FutureListener.handleWhenComplete (dart:async/future_impl.dart:167:18)
#4      Future._propagateToListeners.handleWhenCompleteCallback (dart:async/future_impl.dart:666:39)
#5      Future._propagateToListeners (dart:async/future_impl.dart:722:37)
#6      Future._propagateToListeners (dart:async/future_impl.dart:621:9)
#7      Future._completeWithValue (dart:async/future_impl.dart:529:5)
#8      Future._asyncCompleteWithValue.<anonymous closure> (dart:async/future_impl.dart:567:7)
#9      _rootRun (dart:async/zone.dart:1190:13)
#10     _CustomZone.run (dart:async/zone.dart:1093:19)
#11     _CustomZone.runGuarded (dart:async/zone.dart:997:7)
#12     _CustomZone.bindCallbackGuarded.<anonymous closure> (dart:async/zone.dart:1037:23)
#13     _microtaskLoop (dart:async/schedule_microtask.dart:41:21)
#14     _startMicrotaskLoop (dart:async/schedule_microtask.dart:50:5)
#15     _runPendingImmediateCallback (dart:isolate-patch/isolate_patch.dart:118:13)
#16     _RawReceivePortImpl._handleMessage (dart:isolate-patch/isolate_patch.dart:169:5)
```

## flutter doctor

```
[✓] Flutter (Channel master, 1.22.0-10.0.pre.408, on Mac OS X 10.15.7 19H2 x86_64, locale fr-FR)
    • Flutter version 1.22.0-10.0.pre.408 at /Users/gregoirebrasseur/Documents/sdk_flutter/flutter
    • Framework revision d2c47acdaa (2 days ago), 2020-09-29 08:40:26 -0700
    • Engine revision 1c462e28a2
    • Dart version 2.11.0 (build 2.11.0-176.0.dev)

[✗] Android toolchain - develop for Android devices
    ✗ Unable to locate Android SDK.
      Install Android Studio from: https://developer.android.com/studio/index.html
      On first launch it will assist you in installing the Android SDK components.
      (or visit https://flutter.dev/docs/get-started/install/macos#android-setup for detailed instructions).
      If the Android SDK has been installed to a custom location, please use
      `flutter config --android-sdk` to update to that location.


[✓] Xcode - develop for iOS and macOS (Xcode 12.0.1)
    • Xcode at /Applications/Xcode.app/Contents/Developer
    • Xcode 12.0.1, Build version 12A7300
    • CocoaPods version 1.9.3

[!] Android Studio (not installed)
    • Android Studio not found; download from https://developer.android.com/studio/index.html
      (or visit https://flutter.dev/docs/get-started/install/macos#android-setup for detailed instructions).

[✓] Connected device (1 available)
    • iPhone de Gregoire (mobile) • 00008030-001039642EA0802E • ios • iOS 14.0.1

! Doctor found issues in 2 categories.
```
